EECS4443/Labs/Demo_Android/app/build/intermediates/manifest_merge_blame_file/debug/manifest-merger-blame-debug-report.txt
1<?xml version="1.0" encoding="utf-8"?>
2<manifest xmlns:android="http://schemas.android.com/apk/res/android"
3    package="ca.yorku.eecs.mack.demoandroid"
4    android:versionCode="1"
5    android:versionName="1.0" >
6
7    <uses-sdk
8        android:minSdkVersion="13"
8-->src\main\AndroidManifest.xml
9        android:targetSdkVersion="27" />
9-->src\main\AndroidManifest.xml
10
11    <!-- NOTE: minSdkVersion and targetSdkVersion specified in build.gradle -->
12    <application
12-->src\main\AndroidManifest.xml:9:5-23:19
13        android:allowBackup="false"
13-->src\main\AndroidManifest.xml:11:9-36
14        android:debuggable="true"
15        android:icon="@mipmap/ic_launcher"
15-->src\main\AndroidManifest.xml:12:9-43
16        android:label="@string/app_name"
16-->src\main\AndroidManifest.xml:13:9-41
17        android:testOnly="true"
18        android:theme="@android:style/Theme.Holo" >
18-->src\main\AndroidManifest.xml:10:9-50
19        <activity
19-->src\main\AndroidManifest.xml:14:9-22:20
20            android:name="ca.yorku.eecs.mack.demoandroid.DemoAndroidActivity"
20-->src\main\AndroidManifest.xml:15:13-78
21            android:label="@string/app_name" >
21-->src\main\AndroidManifest.xml:16:13-45
22            <intent-filter>
22-->src\main\AndroidManifest.xml:17:13-21:29
23                <action android:name="android.intent.action.MAIN" />
23-->src\main\AndroidManifest.xml:18:17-68
23-->src\main\AndroidManifest.xml:18:25-66
24                <action android:name="android.intent.action.VIEW" />
24-->src\main\AndroidManifest.xml:19:17-69
24-->src\main\AndroidManifest.xml:19:25-66
25
26                <category android:name="android.intent.category.LAUNCHER" />
26-->src\main\AndroidManifest.xml:20:17-76
26-->src\main\AndroidManifest.xml:20:27-74
27            </intent-filter>
28        </activity>
29    </application>
30
31</manifest>